2026-05-01 16:07:33 | INFO     | credit_scorer | ============================================================
2026-05-01 16:07:33 | INFO     | credit_scorer | FINRISKGUARD — CREDIT SCORER
2026-05-01 16:07:33 | INFO     | credit_scorer | n_trials: 100
2026-05-01 16:07:33 | INFO     | credit_scorer | ============================================================
2026-05-01 16:07:33 | INFO     | credit_scorer | Train: (246008, 93) | Default rate: 8.07%
2026-05-01 16:07:33 | INFO     | credit_scorer | Val   : (61503, 93)   | Default rate: 8.07%
2026-05-01 16:07:37 | INFO     | credit_scorer | ============================================================
2026-05-01 16:07:37 | INFO     | credit_scorer | STEP 1: BASELINE MODELS
2026-05-01 16:07:37 | INFO     | credit_scorer | ============================================================
2026-05-01 16:07:37 | INFO     | credit_scorer | 
Training XGBoost baseline...
2026-05-01 16:07:55 | INFO     | credit_scorer | 
==================================================
2026-05-01 16:07:55 | INFO     | credit_scorer | EVALUATION — XGBoost Baseline
2026-05-01 16:07:55 | INFO     | credit_scorer |   AUC-ROC   : 0.7810
2026-05-01 16:07:55 | INFO     | credit_scorer |   AUC-PR    : 0.2795
2026-05-01 16:07:55 | INFO     | credit_scorer |   F1        : 0.3050
2026-05-01 16:07:55 | INFO     | credit_scorer |   Precision : 0.1998
2026-05-01 16:07:55 | INFO     | credit_scorer |   Recall    : 0.6445
2026-05-01 16:07:55 | INFO     | credit_scorer |   Threshold : 0.500
2026-05-01 16:07:55 | INFO     | credit_scorer | 
  Confusion Matrix:
[[43720 12818]
 [ 1765  3200]]
2026-05-01 16:07:55 | INFO     | credit_scorer | 
              precision    recall  f1-score   support

           0     0.9612    0.7733    0.8571     56538
           1     0.1998    0.6445    0.3050      4965

    accuracy                         0.7629     61503
   macro avg     0.5805    0.7089    0.5810     61503
weighted avg     0.8997    0.7629    0.8125     61503

2026-05-01 16:07:55 | INFO     | credit_scorer | 
Training LightGBM baseline...
2026-05-01 16:08:04 | INFO     | credit_scorer | 
==================================================
2026-05-01 16:08:04 | INFO     | credit_scorer | EVALUATION — LightGBM Baseline
2026-05-01 16:08:04 | INFO     | credit_scorer |   AUC-ROC   : 0.7805
2026-05-01 16:08:04 | INFO     | credit_scorer |   AUC-PR    : 0.2783
2026-05-01 16:08:04 | INFO     | credit_scorer |   F1        : 0.2931
2026-05-01 16:08:04 | INFO     | credit_scorer |   Precision : 0.1865
2026-05-01 16:08:04 | INFO     | credit_scorer |   Recall    : 0.6850
2026-05-01 16:08:04 | INFO     | credit_scorer |   Threshold : 0.500
2026-05-01 16:08:04 | INFO     | credit_scorer | 
  Confusion Matrix:
[[41700 14838]
 [ 1564  3401]]
2026-05-01 16:08:04 | INFO     | credit_scorer | 
              precision    recall  f1-score   support

           0     0.9638    0.7376    0.8357     56538
           1     0.1865    0.6850    0.2931      4965

    accuracy                         0.7333     61503
   macro avg     0.5752    0.7113    0.5644     61503
weighted avg     0.9011    0.7333    0.7919     61503

2026-05-01 16:08:04 | INFO     | credit_scorer | 
Training CatBoost baseline...
2026-05-01 16:08:12 | INFO     | credit_scorer | 
==================================================
2026-05-01 16:08:12 | INFO     | credit_scorer | EVALUATION — CatBoost Baseline
2026-05-01 16:08:12 | INFO     | credit_scorer |   AUC-ROC   : 0.7809
2026-05-01 16:08:12 | INFO     | credit_scorer |   AUC-PR    : 0.2805
2026-05-01 16:08:12 | INFO     | credit_scorer |   F1        : 0.2896
2026-05-01 16:08:12 | INFO     | credit_scorer |   Precision : 0.1831
2026-05-01 16:08:12 | INFO     | credit_scorer |   Recall    : 0.6928
2026-05-01 16:08:12 | INFO     | credit_scorer |   Threshold : 0.500
2026-05-01 16:08:12 | INFO     | credit_scorer | 
  Confusion Matrix:
[[41190 15348]
 [ 1525  3440]]
2026-05-01 16:08:12 | INFO     | credit_scorer | 
              precision    recall  f1-score   support

           0     0.9643    0.7285    0.8300     56538
           1     0.1831    0.6928    0.2896      4965

    accuracy                         0.7257     61503
   macro avg     0.5737    0.7107    0.5598     61503
weighted avg     0.9012    0.7257    0.7864     61503

2026-05-01 16:08:12 | INFO     | credit_scorer | 
BASELINE SUMMARY:
2026-05-01 16:08:12 | INFO     | credit_scorer |   xgb   AUC-ROC=0.7810 | AUC-PR=0.2795
2026-05-01 16:08:12 | INFO     | credit_scorer |   lgb   AUC-ROC=0.7805 | AUC-PR=0.2783
2026-05-01 16:08:12 | INFO     | credit_scorer |   cat   AUC-ROC=0.7809 | AUC-PR=0.2805
2026-05-01 16:08:13 | INFO     | credit_scorer | 
Optuna tuning: XGBoost...
2026-05-01 17:21:52 | INFO     | credit_scorer |   XGB best AUC-ROC: 0.7842
2026-05-01 17:21:52 | INFO     | credit_scorer |   Saved: params_xgb.json
2026-05-01 17:21:52 | INFO     | credit_scorer | 
Optuna tuning: LightGBM...
2026-05-01 17:50:52 | INFO     | credit_scorer |   LGB best AUC-ROC: 0.7836
2026-05-01 17:50:52 | INFO     | credit_scorer |   Saved: params_lgb.json
2026-05-01 17:50:52 | INFO     | credit_scorer | 
Optuna tuning: CatBoost...
2026-05-01 18:26:42 | INFO     | credit_scorer |   CAT best AUC-ROC: 0.7834
2026-05-01 18:26:42 | INFO     | credit_scorer |   Saved: params_cat.json
2026-05-01 18:26:42 | INFO     | credit_scorer | ============================================================
2026-05-01 18:26:42 | INFO     | credit_scorer | STEP 2b: TUNED MODELS (final fit on full train)
2026-05-01 18:26:42 | INFO     | credit_scorer | ============================================================
2026-05-01 18:27:45 | INFO     | credit_scorer | 
==================================================
2026-05-01 18:27:45 | INFO     | credit_scorer | EVALUATION — XGBoost Tuned
2026-05-01 18:27:45 | INFO     | credit_scorer |   AUC-ROC   : 0.7842
2026-05-01 18:27:45 | INFO     | credit_scorer |   AUC-PR    : 0.2842
2026-05-01 18:27:45 | INFO     | credit_scorer |   F1        : 0.3075
2026-05-01 18:27:45 | INFO     | credit_scorer |   Precision : 0.2016
2026-05-01 18:27:45 | INFO     | credit_scorer |   Recall    : 0.6479
2026-05-01 18:27:45 | INFO     | credit_scorer |   Threshold : 0.500
2026-05-01 18:27:45 | INFO     | credit_scorer | 
  Confusion Matrix:
[[43799 12739]
 [ 1748  3217]]
2026-05-01 18:27:45 | INFO     | credit_scorer | 
              precision    recall  f1-score   support

           0     0.9616    0.7747    0.8581     56538
           1     0.2016    0.6479    0.3075      4965

    accuracy                         0.7645     61503
   macro avg     0.5816    0.7113    0.5828     61503
weighted avg     0.9003    0.7645    0.8136     61503

2026-05-01 18:27:59 | INFO     | credit_scorer | 
==================================================
2026-05-01 18:27:59 | INFO     | credit_scorer | EVALUATION — LightGBM Tuned
2026-05-01 18:27:59 | INFO     | credit_scorer |   AUC-ROC   : 0.7836
2026-05-01 18:27:59 | INFO     | credit_scorer |   AUC-PR    : 0.2827
2026-05-01 18:27:59 | INFO     | credit_scorer |   F1        : 0.2931
2026-05-01 18:27:59 | INFO     | credit_scorer |   Precision : 0.1858
2026-05-01 18:27:59 | INFO     | credit_scorer |   Recall    : 0.6931
2026-05-01 18:27:59 | INFO     | credit_scorer |   Threshold : 0.500
2026-05-01 18:27:59 | INFO     | credit_scorer | 
  Confusion Matrix:
[[41460 15078]
 [ 1524  3441]]
2026-05-01 18:27:59 | INFO     | credit_scorer | 
              precision    recall  f1-score   support

           0     0.9645    0.7333    0.8332     56538
           1     0.1858    0.6931    0.2931      4965

    accuracy                         0.7301     61503
   macro avg     0.5752    0.7132    0.5631     61503
weighted avg     0.9017    0.7301    0.7896     61503

2026-05-01 18:28:23 | INFO     | credit_scorer | 
==================================================
2026-05-01 18:28:23 | INFO     | credit_scorer | EVALUATION — CatBoost Tuned
2026-05-01 18:28:23 | INFO     | credit_scorer |   AUC-ROC   : 0.7834
2026-05-01 18:28:23 | INFO     | credit_scorer |   AUC-PR    : 0.2827
2026-05-01 18:28:23 | INFO     | credit_scorer |   F1        : 0.2937
2026-05-01 18:28:23 | INFO     | credit_scorer |   Precision : 0.1862
2026-05-01 18:28:23 | INFO     | credit_scorer |   Recall    : 0.6953
2026-05-01 18:28:23 | INFO     | credit_scorer |   Threshold : 0.500
2026-05-01 18:28:23 | INFO     | credit_scorer | 
  Confusion Matrix:
[[41452 15086]
 [ 1513  3452]]
2026-05-01 18:28:23 | INFO     | credit_scorer | 
              precision    recall  f1-score   support

           0     0.9648    0.7332    0.8332     56538
           1     0.1862    0.6953    0.2937      4965

    accuracy                         0.7301     61503
   macro avg     0.5755    0.7142    0.5635     61503
weighted avg     0.9019    0.7301    0.7896     61503

2026-05-01 18:28:23 | INFO     | credit_scorer | 
TUNED SUMMARY:
2026-05-01 18:28:23 | INFO     | credit_scorer |   xgb   AUC-ROC=0.7842 | AUC-PR=0.2842
2026-05-01 18:28:23 | INFO     | credit_scorer |   lgb   AUC-ROC=0.7836 | AUC-PR=0.2827
2026-05-01 18:28:23 | INFO     | credit_scorer |   cat   AUC-ROC=0.7834 | AUC-PR=0.2827
2026-05-01 18:28:24 | INFO     | credit_scorer | ============================================================
2026-05-01 18:28:24 | INFO     | credit_scorer | STEP 3: STACKING ENSEMBLE
2026-05-01 18:28:24 | INFO     | credit_scorer |   Base models : Optuna best params — fresh per fold
2026-05-01 18:28:24 | INFO     | credit_scorer |   Meta learner: LogisticRegression + StandardScaler
2026-05-01 18:28:24 | INFO     | credit_scorer | ============================================================
2026-05-01 18:29:41 | INFO     | credit_scorer |   Fold 1/5 complete | OOF range: [0.004, 0.979]
2026-05-01 18:30:54 | INFO     | credit_scorer |   Fold 2/5 complete | OOF range: [0.004, 0.977]
2026-05-01 18:32:09 | INFO     | credit_scorer |   Fold 3/5 complete | OOF range: [0.004, 0.985]
2026-05-01 18:33:24 | INFO     | credit_scorer |   Fold 4/5 complete | OOF range: [0.002, 0.977]
2026-05-01 18:34:45 | INFO     | credit_scorer |   Fold 5/5 complete | OOF range: [0.006, 0.981]
2026-05-01 18:34:45 | INFO     | credit_scorer | 
  OOF predictions stats:
2026-05-01 18:34:45 | INFO     | credit_scorer |     XGB: mean=0.3531 | std=0.2189 | min=0.0042 | max=0.9638
2026-05-01 18:34:45 | INFO     | credit_scorer |     LGB: mean=0.3875 | std=0.2210 | min=0.0023 | max=0.9768
2026-05-01 18:34:45 | INFO     | credit_scorer |     CAT: mean=0.3851 | std=0.2175 | min=0.0036 | max=0.9850
2026-05-01 18:34:45 | INFO     | credit_scorer | 
==================================================
2026-05-01 18:34:45 | INFO     | credit_scorer | EVALUATION — Stacking Ensemble
2026-05-01 18:34:45 | INFO     | credit_scorer |   AUC-ROC   : 0.7844
2026-05-01 18:34:45 | INFO     | credit_scorer |   AUC-PR    : 0.2846
2026-05-01 18:34:45 | INFO     | credit_scorer |   F1        : 0.2896
2026-05-01 18:34:45 | INFO     | credit_scorer |   Precision : 0.1820
2026-05-01 18:34:45 | INFO     | credit_scorer |   Recall    : 0.7084
2026-05-01 18:34:45 | INFO     | credit_scorer |   Threshold : 0.500
2026-05-01 18:34:45 | INFO     | credit_scorer | 
  Confusion Matrix:
[[40734 15804]
 [ 1448  3517]]
2026-05-01 18:34:45 | INFO     | credit_scorer | 
              precision    recall  f1-score   support

           0     0.9657    0.7205    0.8252     56538
           1     0.1820    0.7084    0.2896      4965

    accuracy                         0.7195     61503
   macro avg     0.5739    0.7144    0.5574     61503
weighted avg     0.9024    0.7195    0.7820     61503

2026-05-01 18:34:45 | INFO     | credit_scorer |   Saved: stacking_meta.pkl (Pipeline: scaler + LR)
2026-05-01 18:34:45 | INFO     | credit_scorer | ============================================================
2026-05-01 18:34:45 | INFO     | credit_scorer | STEP 4: FINAL COMPARISON & BEST MODEL SELECTION
2026-05-01 18:34:45 | INFO     | credit_scorer | ============================================================
2026-05-01 18:34:45 | INFO     | credit_scorer | 
FINAL LEADERBOARD (by AUC-ROC):
2026-05-01 18:34:45 | INFO     | credit_scorer |   #1 stacking             AUC-ROC=0.7844 | AUC-PR=0.2846 | F1=0.2896
2026-05-01 18:34:45 | INFO     | credit_scorer |   #2 tuned_xgb            AUC-ROC=0.7842 | AUC-PR=0.2842 | F1=0.3075
2026-05-01 18:34:45 | INFO     | credit_scorer |   #3 tuned_lgb            AUC-ROC=0.7836 | AUC-PR=0.2827 | F1=0.2931
2026-05-01 18:34:45 | INFO     | credit_scorer |   #4 tuned_cat            AUC-ROC=0.7834 | AUC-PR=0.2827 | F1=0.2937
2026-05-01 18:34:45 | INFO     | credit_scorer |   #5 baseline_xgb         AUC-ROC=0.7810 | AUC-PR=0.2795 | F1=0.3050
2026-05-01 18:34:45 | INFO     | credit_scorer |   #6 baseline_cat         AUC-ROC=0.7809 | AUC-PR=0.2805 | F1=0.2896
2026-05-01 18:34:45 | INFO     | credit_scorer |   #7 baseline_lgb         AUC-ROC=0.7805 | AUC-PR=0.2783 | F1=0.2931
2026-05-01 18:34:45 | INFO     | credit_scorer | 
BEST MODEL: stacking
2026-05-01 18:34:45 | INFO     | credit_scorer | 
Optimizing threshold (Recall >= 0.70, max F1)...
2026-05-01 18:34:46 | INFO     | credit_scorer |   Best threshold (recall>=0.7): 0.50 | F1: 0.2896
2026-05-01 18:34:46 | INFO     | credit_scorer | 
==================================================
2026-05-01 18:34:46 | INFO     | credit_scorer | EVALUATION — BEST MODEL (stacking) — Optimized Threshold
2026-05-01 18:34:46 | INFO     | credit_scorer |   AUC-ROC   : 0.7844
2026-05-01 18:34:46 | INFO     | credit_scorer |   AUC-PR    : 0.2846
2026-05-01 18:34:46 | INFO     | credit_scorer |   F1        : 0.2896
2026-05-01 18:34:46 | INFO     | credit_scorer |   Precision : 0.1820
2026-05-01 18:34:46 | INFO     | credit_scorer |   Recall    : 0.7084
2026-05-01 18:34:46 | INFO     | credit_scorer |   Threshold : 0.500
2026-05-01 18:34:46 | INFO     | credit_scorer | 
  Confusion Matrix:
[[40734 15804]
 [ 1448  3517]]
2026-05-01 18:34:46 | INFO     | credit_scorer | 
              precision    recall  f1-score   support

           0     0.9657    0.7205    0.8252     56538
           1     0.1820    0.7084    0.2896      4965

    accuracy                         0.7195     61503
   macro avg     0.5739    0.7144    0.5574     61503
weighted avg     0.9024    0.7195    0.7820     61503

2026-05-01 18:34:46 | INFO     | credit_scorer | 
Saved:
2026-05-01 18:34:46 | INFO     | credit_scorer |   outputs/models/credit/credit_model.pkl
2026-05-01 18:34:46 | INFO     | credit_scorer |   outputs/models/credit/credit_model_metadata.json
2026-05-01 18:34:46 | INFO     | credit_scorer | ============================================================
2026-05-01 18:34:46 | INFO     | credit_scorer | CREDIT SCORER COMPLETE
2026-05-01 18:34:46 | INFO     | credit_scorer | ============================================================
2026-05-01 20:48:29 | INFO     | credit_scorer | ============================================================
2026-05-01 20:48:29 | INFO     | credit_scorer | FINRISKGUARD — CREDIT SCORER
2026-05-01 20:48:29 | INFO     | credit_scorer | n_trials: 100
2026-05-01 20:48:29 | INFO     | credit_scorer | ============================================================
2026-05-01 20:48:29 | INFO     | credit_scorer | Train: (246008, 105) | Default rate: 8.07%
2026-05-01 20:48:29 | INFO     | credit_scorer | Val   : (61503, 105)   | Default rate: 8.07%
2026-05-01 20:48:30 | INFO     | credit_scorer | ============================================================
2026-05-01 20:48:30 | INFO     | credit_scorer | STEP 1: BASELINE MODELS
2026-05-01 20:48:30 | INFO     | credit_scorer | ============================================================
2026-05-01 20:48:30 | INFO     | credit_scorer | 
Training XGBoost baseline...
2026-05-01 20:48:39 | INFO     | credit_scorer | 
==================================================
2026-05-01 20:48:39 | INFO     | credit_scorer | EVALUATION — XGBoost Baseline
2026-05-01 20:48:39 | INFO     | credit_scorer |   AUC-ROC   : 0.7814
2026-05-01 20:48:39 | INFO     | credit_scorer |   AUC-PR    : 0.2783
2026-05-01 20:48:39 | INFO     | credit_scorer |   F1        : 0.3010
2026-05-01 20:48:39 | INFO     | credit_scorer |   Precision : 0.1956
2026-05-01 20:48:39 | INFO     | credit_scorer |   Recall    : 0.6528
2026-05-01 20:48:39 | INFO     | credit_scorer |   Threshold : 0.500
2026-05-01 20:48:39 | INFO     | credit_scorer | 
  Confusion Matrix:
[[43210 13328]
 [ 1724  3241]]
2026-05-01 20:48:39 | INFO     | credit_scorer | 
              precision    recall  f1-score   support

           0     0.9616    0.7643    0.8517     56538
           1     0.1956    0.6528    0.3010      4965

    accuracy                         0.7553     61503
   macro avg     0.5786    0.7085    0.5763     61503
weighted avg     0.8998    0.7553    0.8072     61503

2026-05-01 20:48:39 | INFO     | credit_scorer | 
Training LightGBM baseline...
2026-05-01 20:48:43 | INFO     | credit_scorer | 
==================================================
2026-05-01 20:48:43 | INFO     | credit_scorer | EVALUATION — LightGBM Baseline
2026-05-01 20:48:43 | INFO     | credit_scorer |   AUC-ROC   : 0.7816
2026-05-01 20:48:43 | INFO     | credit_scorer |   AUC-PR    : 0.2786
2026-05-01 20:48:43 | INFO     | credit_scorer |   F1        : 0.2944
2026-05-01 20:48:43 | INFO     | credit_scorer |   Precision : 0.1874
2026-05-01 20:48:43 | INFO     | credit_scorer |   Recall    : 0.6858
2026-05-01 20:48:43 | INFO     | credit_scorer |   Threshold : 0.500
2026-05-01 20:48:43 | INFO     | credit_scorer | 
  Confusion Matrix:
[[41773 14765]
 [ 1560  3405]]
2026-05-01 20:48:43 | INFO     | credit_scorer | 
              precision    recall  f1-score   support

           0     0.9640    0.7388    0.8365     56538
           1     0.1874    0.6858    0.2944      4965

    accuracy                         0.7346     61503
   macro avg     0.5757    0.7123    0.5654     61503
weighted avg     0.9013    0.7346    0.7928     61503

2026-05-01 20:48:43 | INFO     | credit_scorer | 
Training CatBoost baseline...
2026-05-01 20:48:52 | INFO     | credit_scorer | 
==================================================
2026-05-01 20:48:52 | INFO     | credit_scorer | EVALUATION — CatBoost Baseline
2026-05-01 20:48:52 | INFO     | credit_scorer |   AUC-ROC   : 0.7822
2026-05-01 20:48:52 | INFO     | credit_scorer |   AUC-PR    : 0.2820
2026-05-01 20:48:52 | INFO     | credit_scorer |   F1        : 0.2916
2026-05-01 20:48:52 | INFO     | credit_scorer |   Precision : 0.1843
2026-05-01 20:48:52 | INFO     | credit_scorer |   Recall    : 0.6971
2026-05-01 20:48:52 | INFO     | credit_scorer |   Threshold : 0.500
2026-05-01 20:48:52 | INFO     | credit_scorer | 
  Confusion Matrix:
[[41222 15316]
 [ 1504  3461]]
2026-05-01 20:48:52 | INFO     | credit_scorer | 
              precision    recall  f1-score   support

           0     0.9648    0.7291    0.8306     56538
           1     0.1843    0.6971    0.2916      4965

    accuracy                         0.7265     61503
   macro avg     0.5746    0.7131    0.5611     61503
weighted avg     0.9018    0.7265    0.7870     61503

2026-05-01 20:48:52 | INFO     | credit_scorer | 
BASELINE SUMMARY:
2026-05-01 20:48:52 | INFO     | credit_scorer |   xgb   AUC-ROC=0.7814 | AUC-PR=0.2783
2026-05-01 20:48:52 | INFO     | credit_scorer |   lgb   AUC-ROC=0.7816 | AUC-PR=0.2786
2026-05-01 20:48:52 | INFO     | credit_scorer |   cat   AUC-ROC=0.7822 | AUC-PR=0.2820
2026-05-01 20:48:53 | INFO     | credit_scorer | 
Optuna tuning: XGBoost...
2026-05-01 21:54:22 | INFO     | credit_scorer |   XGB best AUC-ROC: 0.7846
2026-05-01 21:54:22 | INFO     | credit_scorer |   Saved: params_xgb.json
2026-05-01 21:54:22 | INFO     | credit_scorer | 
Optuna tuning: LightGBM...
2026-05-01 22:17:07 | INFO     | credit_scorer |   LGB best AUC-ROC: 0.7840
2026-05-01 22:17:07 | INFO     | credit_scorer |   Saved: params_lgb.json
2026-05-01 22:17:07 | INFO     | credit_scorer | 
Optuna tuning: CatBoost...
2026-05-01 23:15:34 | INFO     | credit_scorer |   CAT best AUC-ROC: 0.7848
2026-05-01 23:15:34 | INFO     | credit_scorer |   Saved: params_cat.json
2026-05-01 23:15:34 | INFO     | credit_scorer | ============================================================
2026-05-01 23:15:34 | INFO     | credit_scorer | STEP 2b: TUNED MODELS (final fit on full train)
2026-05-01 23:15:34 | INFO     | credit_scorer | ============================================================
2026-05-01 23:16:35 | INFO     | credit_scorer | 
==================================================
2026-05-01 23:16:35 | INFO     | credit_scorer | EVALUATION — XGBoost Tuned
2026-05-01 23:16:35 | INFO     | credit_scorer |   AUC-ROC   : 0.7846
2026-05-01 23:16:35 | INFO     | credit_scorer |   AUC-PR    : 0.2857
2026-05-01 23:16:35 | INFO     | credit_scorer |   F1        : 0.2987
2026-05-01 23:16:35 | INFO     | credit_scorer |   Precision : 0.1909
2026-05-01 23:16:35 | INFO     | credit_scorer |   Recall    : 0.6860
2026-05-01 23:16:35 | INFO     | credit_scorer |   Threshold : 0.500
2026-05-01 23:16:35 | INFO     | credit_scorer | 
  Confusion Matrix:
[[42100 14438]
 [ 1559  3406]]
2026-05-01 23:16:35 | INFO     | credit_scorer | 
              precision    recall  f1-score   support

           0     0.9643    0.7446    0.8403     56538
           1     0.1909    0.6860    0.2987      4965

    accuracy                         0.7399     61503
   macro avg     0.5776    0.7153    0.5695     61503
weighted avg     0.9019    0.7399    0.7966     61503

2026-05-01 23:16:48 | INFO     | credit_scorer | 
==================================================
2026-05-01 23:16:48 | INFO     | credit_scorer | EVALUATION — LightGBM Tuned
2026-05-01 23:16:48 | INFO     | credit_scorer |   AUC-ROC   : 0.7840
2026-05-01 23:16:48 | INFO     | credit_scorer |   AUC-PR    : 0.2837
2026-05-01 23:16:48 | INFO     | credit_scorer |   F1        : 0.2926
2026-05-01 23:16:48 | INFO     | credit_scorer |   Precision : 0.1856
2026-05-01 23:16:48 | INFO     | credit_scorer |   Recall    : 0.6918
2026-05-01 23:16:48 | INFO     | credit_scorer |   Threshold : 0.500
2026-05-01 23:16:48 | INFO     | credit_scorer | 
  Confusion Matrix:
[[41462 15076]
 [ 1530  3435]]
2026-05-01 23:16:48 | INFO     | credit_scorer | 
              precision    recall  f1-score   support

           0     0.9644    0.7333    0.8332     56538
           1     0.1856    0.6918    0.2926      4965

    accuracy                         0.7300     61503
   macro avg     0.5750    0.7126    0.5629     61503
weighted avg     0.9015    0.7300    0.7895     61503

2026-05-01 23:17:24 | INFO     | credit_scorer | 
==================================================
2026-05-01 23:17:24 | INFO     | credit_scorer | EVALUATION — CatBoost Tuned
2026-05-01 23:17:24 | INFO     | credit_scorer |   AUC-ROC   : 0.7848
2026-05-01 23:17:24 | INFO     | credit_scorer |   AUC-PR    : 0.2852
2026-05-01 23:17:24 | INFO     | credit_scorer |   F1        : 0.2984
2026-05-01 23:17:24 | INFO     | credit_scorer |   Precision : 0.1908
2026-05-01 23:17:24 | INFO     | credit_scorer |   Recall    : 0.6838
2026-05-01 23:17:24 | INFO     | credit_scorer |   Threshold : 0.500
2026-05-01 23:17:24 | INFO     | credit_scorer | 
  Confusion Matrix:
[[42141 14397]
 [ 1570  3395]]
2026-05-01 23:17:24 | INFO     | credit_scorer | 
              precision    recall  f1-score   support

           0     0.9641    0.7454    0.8407     56538
           1     0.1908    0.6838    0.2984      4965

    accuracy                         0.7404     61503
   macro avg     0.5774    0.7146    0.5695     61503
weighted avg     0.9017    0.7404    0.7969     61503

2026-05-01 23:17:24 | INFO     | credit_scorer | 
TUNED SUMMARY:
2026-05-01 23:17:24 | INFO     | credit_scorer |   xgb   AUC-ROC=0.7846 | AUC-PR=0.2857
2026-05-01 23:17:24 | INFO     | credit_scorer |   lgb   AUC-ROC=0.7840 | AUC-PR=0.2837
2026-05-01 23:17:24 | INFO     | credit_scorer |   cat   AUC-ROC=0.7848 | AUC-PR=0.2852
2026-05-01 23:17:25 | INFO     | credit_scorer | ============================================================
2026-05-01 23:17:25 | INFO     | credit_scorer | STEP 3: STACKING ENSEMBLE
2026-05-01 23:17:25 | INFO     | credit_scorer |   Base models : Optuna best params — fresh per fold
2026-05-01 23:17:25 | INFO     | credit_scorer |   Meta learner: LogisticRegression + StandardScaler
2026-05-01 23:17:25 | INFO     | credit_scorer | ============================================================
2026-05-01 23:18:51 | INFO     | credit_scorer |   Fold 1/5 complete | OOF range: [0.003, 0.978]
2026-05-01 23:20:25 | INFO     | credit_scorer |   Fold 2/5 complete | OOF range: [0.008, 0.977]
2026-05-01 23:21:58 | INFO     | credit_scorer |   Fold 3/5 complete | OOF range: [0.003, 0.983]
2026-05-01 23:23:21 | INFO     | credit_scorer |   Fold 4/5 complete | OOF range: [0.005, 0.974]
2026-05-01 23:25:13 | INFO     | credit_scorer |   Fold 5/5 complete | OOF range: [0.003, 0.980]
2026-05-01 23:25:13 | INFO     | credit_scorer | 
  OOF predictions stats:
2026-05-01 23:25:13 | INFO     | credit_scorer |     XGB: mean=0.3797 | std=0.2195 | min=0.0031 | max=0.9825
2026-05-01 23:25:13 | INFO     | credit_scorer |     LGB: mean=0.3865 | std=0.2202 | min=0.0031 | max=0.9770
2026-05-01 23:25:13 | INFO     | credit_scorer |     CAT: mean=0.3821 | std=0.2169 | min=0.0026 | max=0.9805
2026-05-01 23:25:13 | INFO     | credit_scorer | 
==================================================
2026-05-01 23:25:13 | INFO     | credit_scorer | EVALUATION — Stacking Ensemble
2026-05-01 23:25:13 | INFO     | credit_scorer |   AUC-ROC   : 0.7849
2026-05-01 23:25:13 | INFO     | credit_scorer |   AUC-PR    : 0.2854
2026-05-01 23:25:13 | INFO     | credit_scorer |   F1        : 0.2896
2026-05-01 23:25:13 | INFO     | credit_scorer |   Precision : 0.1819
2026-05-01 23:25:13 | INFO     | credit_scorer |   Recall    : 0.7098
2026-05-01 23:25:13 | INFO     | credit_scorer |   Threshold : 0.500
2026-05-01 23:25:13 | INFO     | credit_scorer | 
  Confusion Matrix:
[[40689 15849]
 [ 1441  3524]]
2026-05-01 23:25:13 | INFO     | credit_scorer | 
              precision    recall  f1-score   support

           0     0.9658    0.7197    0.8248     56538
           1     0.1819    0.7098    0.2896      4965

    accuracy                         0.7189     61503
   macro avg     0.5738    0.7147    0.5572     61503
weighted avg     0.9025    0.7189    0.7816     61503

2026-05-01 23:25:13 | INFO     | credit_scorer |   Saved: stacking_meta.pkl (Pipeline: scaler + LR)
2026-05-01 23:25:13 | INFO     | credit_scorer | ============================================================
2026-05-01 23:25:13 | INFO     | credit_scorer | STEP 4: FINAL COMPARISON & BEST MODEL SELECTION
2026-05-01 23:25:13 | INFO     | credit_scorer | ============================================================
2026-05-01 23:25:13 | INFO     | credit_scorer | 
FINAL LEADERBOARD (by AUC-ROC):
2026-05-01 23:25:13 | INFO     | credit_scorer |   #1 stacking             AUC-ROC=0.7849 | AUC-PR=0.2854 | F1=0.2896
2026-05-01 23:25:13 | INFO     | credit_scorer |   #2 tuned_cat            AUC-ROC=0.7848 | AUC-PR=0.2852 | F1=0.2984
2026-05-01 23:25:13 | INFO     | credit_scorer |   #3 tuned_xgb            AUC-ROC=0.7846 | AUC-PR=0.2857 | F1=0.2987
2026-05-01 23:25:13 | INFO     | credit_scorer |   #4 tuned_lgb            AUC-ROC=0.7840 | AUC-PR=0.2837 | F1=0.2926
2026-05-01 23:25:13 | INFO     | credit_scorer |   #5 baseline_cat         AUC-ROC=0.7822 | AUC-PR=0.2820 | F1=0.2916
2026-05-01 23:25:13 | INFO     | credit_scorer |   #6 baseline_lgb         AUC-ROC=0.7816 | AUC-PR=0.2786 | F1=0.2944
2026-05-01 23:25:13 | INFO     | credit_scorer |   #7 baseline_xgb         AUC-ROC=0.7814 | AUC-PR=0.2783 | F1=0.3010
2026-05-01 23:25:13 | INFO     | credit_scorer | 
BEST MODEL: stacking
2026-05-01 23:25:13 | INFO     | credit_scorer | 
Optimizing threshold (Recall >= 0.70, max F1)...
2026-05-01 23:25:15 | INFO     | credit_scorer |   Best threshold (recall>=0.7): 0.50 | F1: 0.2896
2026-05-01 23:25:15 | INFO     | credit_scorer | 
==================================================
2026-05-01 23:25:15 | INFO     | credit_scorer | EVALUATION — BEST MODEL (stacking) — Optimized Threshold
2026-05-01 23:25:15 | INFO     | credit_scorer |   AUC-ROC   : 0.7849
2026-05-01 23:25:15 | INFO     | credit_scorer |   AUC-PR    : 0.2854
2026-05-01 23:25:15 | INFO     | credit_scorer |   F1        : 0.2896
2026-05-01 23:25:15 | INFO     | credit_scorer |   Precision : 0.1819
2026-05-01 23:25:15 | INFO     | credit_scorer |   Recall    : 0.7098
2026-05-01 23:25:15 | INFO     | credit_scorer |   Threshold : 0.500
2026-05-01 23:25:15 | INFO     | credit_scorer | 
  Confusion Matrix:
[[40689 15849]
 [ 1441  3524]]
2026-05-01 23:25:15 | INFO     | credit_scorer | 
              precision    recall  f1-score   support

           0     0.9658    0.7197    0.8248     56538
           1     0.1819    0.7098    0.2896      4965

    accuracy                         0.7189     61503
   macro avg     0.5738    0.7147    0.5572     61503
weighted avg     0.9025    0.7189    0.7816     61503

2026-05-01 23:25:15 | INFO     | credit_scorer | 
Saved:
2026-05-01 23:25:15 | INFO     | credit_scorer |   outputs/models/credit/credit_model.pkl
2026-05-01 23:25:15 | INFO     | credit_scorer |   outputs/models/credit/credit_model_metadata.json
2026-05-01 23:25:15 | INFO     | credit_scorer | ============================================================
2026-05-01 23:25:15 | INFO     | credit_scorer | CREDIT SCORER COMPLETE
2026-05-01 23:25:15 | INFO     | credit_scorer | ============================================================
